============================= test session starts ==============================
platform linux -- Python 3.13.2, pytest-8.3.5, pluggy-1.6.0
rootdir: /home/parry-wsl/study/database/interface-test/backend-test
collected 8 items

test/test_auth.py ....                                                   [ 50%]
test/test_db_connection.py .                                             [ 62%]
test/test_papers.py ...                                                  [100%]

============================== 8 passed in 38.32s ==============================
